OMP: Info #212: KMP_AFFINITY: decoding x2APIC ids.
OMP: Info #210: KMP_AFFINITY: Affinity capable, using global cpuid leaf 11 info
OMP: Info #154: KMP_AFFINITY: Initial OS proc set respected: 0-7
OMP: Info #156: KMP_AFFINITY: 8 available OS procs
OMP: Info #157: KMP_AFFINITY: Uniform topology
OMP: Info #179: KMP_AFFINITY: 1 packages x 4 cores/pkg x 2 threads/core (4 total cores)
OMP: Info #214: KMP_AFFINITY: OS proc to physical thread map:
OMP: Info #171: KMP_AFFINITY: OS proc 0 maps to package 0 core 0 thread 0 
OMP: Info #171: KMP_AFFINITY: OS proc 4 maps to package 0 core 0 thread 1 
OMP: Info #171: KMP_AFFINITY: OS proc 1 maps to package 0 core 1 thread 0 
OMP: Info #171: KMP_AFFINITY: OS proc 5 maps to package 0 core 1 thread 1 
OMP: Info #171: KMP_AFFINITY: OS proc 2 maps to package 0 core 2 thread 0 
OMP: Info #171: KMP_AFFINITY: OS proc 6 maps to package 0 core 2 thread 1 
OMP: Info #171: KMP_AFFINITY: OS proc 3 maps to package 0 core 3 thread 0 
OMP: Info #171: KMP_AFFINITY: OS proc 7 maps to package 0 core 3 thread 1 
OMP: Info #250: KMP_AFFINITY: pid 9088 tid 9088 thread 0 bound to OS proc set 0
OMP: Info #250: KMP_AFFINITY: pid 9088 tid 9095 thread 1 bound to OS proc set 1
OMP: Info #250: KMP_AFFINITY: pid 9088 tid 9096 thread 2 bound to OS proc set 2
OMP: Info #250: KMP_AFFINITY: pid 9088 tid 9097 thread 3 bound to OS proc set 3
Using TensorFlow backend.
WARNING:tensorflow:From /home/kurzendo/miniconda3/envs/CPU/lib/python3.7/site-packages/tensorflow/python/framework/op_def_library.py:263: colocate_with (from tensorflow.python.framework.ops) is deprecated and will be removed in a future version.
Instructions for updating:
Colocations handled automatically by placer.
2019-05-15 12:30:53.730689: I tensorflow/core/platform/cpu_feature_guard.cc:141] Your CPU supports instructions that this TensorFlow binary was not compiled to use: SSE4.1 SSE4.2 AVX AVX2 FMA
2019-05-15 12:30:53.734817: I tensorflow/core/platform/profile_utils/cpu_utils.cc:94] CPU Frequency: 3500160000 Hz
2019-05-15 12:30:53.734909: I tensorflow/compiler/xla/service/service.cc:150] XLA service 0x557a41530790 executing computations on platform Host. Devices:
2019-05-15 12:30:53.734918: I tensorflow/compiler/xla/service/service.cc:158]   StreamExecutor device (0): <undefined>, <undefined>
2019-05-15 12:30:53.734972: I tensorflow/core/common_runtime/process_util.cc:71] Creating new thread pool with default inter op setting: 2. Tune using inter_op_parallelism_threads for best performance.
/home/kurzendo/miniconda3/envs/CPU/lib/python3.7/site-packages/keras_applications/resnet50.py:265: UserWarning: The output shape of `ResNet50(include_top=False)` has been changed since Keras 2.2.0.
  warnings.warn('The output shape of `ResNet50(include_top=False)` '
WARNING:tensorflow:From /home/kurzendo/miniconda3/envs/CPU/lib/python3.7/site-packages/tensorflow/python/ops/math_ops.py:3066: to_int32 (from tensorflow.python.ops.math_ops) is deprecated and will be removed in a future version.
Instructions for updating:
Use tf.cast instead.
OMP: Info #250: KMP_AFFINITY: pid 9088 tid 9106 thread 4 bound to OS proc set 4
OMP: Info #250: KMP_AFFINITY: pid 9088 tid 9134 thread 5 bound to OS proc set 5
OMP: Info #250: KMP_AFFINITY: pid 9088 tid 9135 thread 6 bound to OS proc set 6
OMP: Info #250: KMP_AFFINITY: pid 9088 tid 9136 thread 7 bound to OS proc set 7
OMP: Info #250: KMP_AFFINITY: pid 9088 tid 9137 thread 8 bound to OS proc set 0
OMP: Info #250: KMP_AFFINITY: pid 9088 tid 9105 thread 9 bound to OS proc set 1
OMP: Info #250: KMP_AFFINITY: pid 9088 tid 9138 thread 10 bound to OS proc set 2
OMP: Info #250: KMP_AFFINITY: pid 9088 tid 9140 thread 12 bound to OS proc set 4
OMP: Info #250: KMP_AFFINITY: pid 9088 tid 9139 thread 11 bound to OS proc set 3
OMP: Info #250: KMP_AFFINITY: pid 9088 tid 9142 thread 14 bound to OS proc set 6
OMP: Info #250: KMP_AFFINITY: pid 9088 tid 9141 thread 13 bound to OS proc set 5
OMP: Info #250: KMP_AFFINITY: pid 9088 tid 9144 thread 16 bound to OS proc set 0
OMP: Info #250: KMP_AFFINITY: pid 9088 tid 9143 thread 15 bound to OS proc set 7
