Using TensorFlow backend.
WARNING:tensorflow:From /home/kurzendo/miniconda3/envs/GPU/lib/python3.6/site-packages/tensorflow/python/framework/op_def_library.py:263: colocate_with (from tensorflow.python.framework.ops) is deprecated and will be removed in a future version.
Instructions for updating:
Colocations handled automatically by placer.
WARNING:tensorflow:From /home/kurzendo/miniconda3/envs/GPU/lib/python3.6/site-packages/keras/backend/tensorflow_backend.py:3445: calling dropout (from tensorflow.python.ops.nn_ops) with keep_prob is deprecated and will be removed in a future version.
Instructions for updating:
Please use `rate` instead of `keep_prob`. Rate should be set to `rate = 1 - keep_prob`.
WARNING:tensorflow:From /home/kurzendo/miniconda3/envs/GPU/lib/python3.6/site-packages/tensorflow/python/ops/math_ops.py:3066: to_int32 (from tensorflow.python.ops.math_ops) is deprecated and will be removed in a future version.
Instructions for updating:
Use tf.cast instead.
2019-05-31 12:31:02.563425: I tensorflow/core/platform/cpu_feature_guard.cc:141] Your CPU supports instructions that this TensorFlow binary was not compiled to use: SSE4.1 SSE4.2 AVX AVX2 FMA
2019-05-31 12:31:02.569126: I tensorflow/core/platform/profile_utils/cpu_utils.cc:94] CPU Frequency: 3199810000 Hz
2019-05-31 12:31:02.569884: I tensorflow/compiler/xla/service/service.cc:150] XLA service 0x55b2bd7c8a20 executing computations on platform Host. Devices:
2019-05-31 12:31:02.569900: I tensorflow/compiler/xla/service/service.cc:158]   StreamExecutor device (0): <undefined>, <undefined>
2019-05-31 12:31:02.686752: I tensorflow/compiler/xla/service/service.cc:150] XLA service 0x55b2bd8742a0 executing computations on platform CUDA. Devices:
2019-05-31 12:31:02.686784: I tensorflow/compiler/xla/service/service.cc:158]   StreamExecutor device (0): GeForce GTX 1080 Ti, Compute Capability 6.1
2019-05-31 12:31:02.687172: I tensorflow/core/common_runtime/gpu/gpu_device.cc:1433] Found device 0 with properties: 
name: GeForce GTX 1080 Ti major: 6 minor: 1 memoryClockRate(GHz): 1.582
pciBusID: 0000:03:00.0
totalMemory: 10.92GiB freeMemory: 10.76GiB
2019-05-31 12:31:02.687195: I tensorflow/core/common_runtime/gpu/gpu_device.cc:1512] Adding visible gpu devices: 0
2019-05-31 12:31:02.688138: I tensorflow/core/common_runtime/gpu/gpu_device.cc:984] Device interconnect StreamExecutor with strength 1 edge matrix:
2019-05-31 12:31:02.688156: I tensorflow/core/common_runtime/gpu/gpu_device.cc:990]      0 
2019-05-31 12:31:02.688164: I tensorflow/core/common_runtime/gpu/gpu_device.cc:1003] 0:   N 
2019-05-31 12:31:02.688434: I tensorflow/core/common_runtime/gpu/gpu_device.cc:1115] Created TensorFlow device (/job:localhost/replica:0/task:0/device:GPU:0 with 10470 MB memory) -> physical GPU (device: 0, name: GeForce GTX 1080 Ti, pci bus id: 0000:03:00.0, compute capability: 6.1)
2019-05-31 12:31:03.877390: I tensorflow/stream_executor/dso_loader.cc:152] successfully opened CUDA library libcublas.so.10.0 locally
